2021-02-28 9:20:57 - Array
(
    [information_id] => 6
    [bottom] => 1
    [sort_order] => 2
    [status] => 1
    [language_id] => 3
    [title] => Delivery Information
    [description] => &lt;p&gt; Thông tin giao hàng&lt;/p&gt; 
    [meta_title] => 
    [meta_description] => 
    [meta_keyword] => 
    [store_id] => 0
)

2021-02-28 9:21:40 - Array
(
    [information_id] => 6
    [bottom] => 1
    [sort_order] => 2
    [status] => 1
    [language_id] => 3
    [title] => Delivery Information
    [description] => &lt;p&gt; Thông tin giao hàng&lt;/p&gt; 
    [meta_title] => 
    [meta_description] => 
    [meta_keyword] => 
    [store_id] => 0
)

2021-02-28 9:24:33 - 6
2021-02-28 9:28:25 - 6
2021-02-28 9:31:59 - 4
2021-02-28 9:37:20 - 4
