2016-06-18 13:47:03 - MOD: Modification Default
FILE: system/engine/action.php
REGEX: ~(require|include)(_once)?\(([^)]+)~
LINE: 39
FILE: system/engine/loader.php
REGEX: ~(require|include)(_once)?\(([^)]+)~
LINE: 20
LINE: 59
LINE: 80
LINE: 99
FILE: system/library/config.php
REGEX: ~(require|include)(_once)?\(([^)]+)~
LINE: 23
FILE: system/library/language.php
REGEX: ~(require|include)(_once)?\(([^)]+)~
LINE: 25
LINE: 31
----------------------------------------------------------------
MOD: <font color="#0000"><b>Auto SEO</b></font>
FILE: catalog/controller/common/seo_url.php
CODE: if (!isset($this->request->get['route'])) {
LINE: 53
CODE: } elseif (isset($this->request->get['path'])) {
LINE: 58
CODE: } elseif ($key == 'path') {
LINE: 146
CODE: $url .= '/' . $query->row['keyword'];
LINE: 142
LINE: 209
----------------------------------------------------------------
MOD: <font color="#0000"><b>Autofil SEO</b></font>
FILE: admin/view/template/common/header.tpl
CODE: </head>
LINE: 33
----------------------------------------------------------------
MOD: <font color="#0000"><b>Pav Blogs</font>
FILE: admin/controller/common/menu.php
CODE: $this->load->language('common/menu');
LINE: 3
FILE: admin/view/template/common/menu.tpl
CODE: <li id="sale">
LINE: 98
----------------------------------------------------------------
2016-06-18 14:32:24 - MOD: Modification Default
FILE: system/engine/action.php
REGEX: ~(require|include)(_once)?\(([^)]+)~
LINE: 39
FILE: system/engine/loader.php
REGEX: ~(require|include)(_once)?\(([^)]+)~
LINE: 20
LINE: 59
LINE: 80
LINE: 99
FILE: system/library/config.php
REGEX: ~(require|include)(_once)?\(([^)]+)~
LINE: 23
FILE: system/library/language.php
REGEX: ~(require|include)(_once)?\(([^)]+)~
LINE: 25
LINE: 31
----------------------------------------------------------------
MOD: <font color="#0000"><b>Auto SEO</b></font>
FILE: catalog/controller/common/seo_url.php
CODE: if (!isset($this->request->get['route'])) {
LINE: 53
CODE: } elseif (isset($this->request->get['path'])) {
LINE: 58
CODE: } elseif ($key == 'path') {
LINE: 146
CODE: $url .= '/' . $query->row['keyword'];
LINE: 142
LINE: 209
----------------------------------------------------------------
MOD: <font color="#0000"><b>Autofil SEO</b></font>
FILE: admin/view/template/common/header.tpl
CODE: </head>
LINE: 33
----------------------------------------------------------------
MOD: <font color="#0000"><b>Pav Blogs</font>
FILE: admin/controller/common/menu.php
CODE: $this->load->language('common/menu');
LINE: 3
FILE: admin/view/template/common/menu.tpl
CODE: <li id="sale">
LINE: 98
----------------------------------------------------------------
2016-06-18 14:32:39 - MOD: Modification Default
FILE: system/engine/action.php
REGEX: ~(require|include)(_once)?\(([^)]+)~
LINE: 39
FILE: system/engine/loader.php
REGEX: ~(require|include)(_once)?\(([^)]+)~
LINE: 20
LINE: 59
LINE: 80
LINE: 99
FILE: system/library/config.php
REGEX: ~(require|include)(_once)?\(([^)]+)~
LINE: 23
FILE: system/library/language.php
REGEX: ~(require|include)(_once)?\(([^)]+)~
LINE: 25
LINE: 31
----------------------------------------------------------------
MOD: <font color="#0000"><b>Auto SEO</b></font>
FILE: catalog/controller/common/seo_url.php
CODE: if (!isset($this->request->get['route'])) {
LINE: 53
CODE: } elseif (isset($this->request->get['path'])) {
LINE: 58
CODE: } elseif ($key == 'path') {
LINE: 146
CODE: $url .= '/' . $query->row['keyword'];
LINE: 142
LINE: 209
----------------------------------------------------------------
MOD: <font color="#0000"><b>Autofil SEO</b></font>
FILE: admin/view/template/common/header.tpl
CODE: </head>
LINE: 33
----------------------------------------------------------------
MOD: <font color="#0000"><b>Pav Blogs</font>
FILE: admin/controller/common/menu.php
CODE: $this->load->language('common/menu');
LINE: 3
FILE: admin/view/template/common/menu.tpl
CODE: <li id="sale">
LINE: 98
----------------------------------------------------------------
2016-06-18 14:34:15 - MOD: Modification Default
FILE: system/engine/action.php
REGEX: ~(require|include)(_once)?\(([^)]+)~
LINE: 39
FILE: system/engine/loader.php
REGEX: ~(require|include)(_once)?\(([^)]+)~
LINE: 20
LINE: 59
LINE: 80
LINE: 99
FILE: system/library/config.php
REGEX: ~(require|include)(_once)?\(([^)]+)~
LINE: 23
FILE: system/library/language.php
REGEX: ~(require|include)(_once)?\(([^)]+)~
LINE: 25
LINE: 31
----------------------------------------------------------------
MOD: <font color="#0000"><b>Auto SEO</b></font>
FILE: catalog/controller/common/seo_url.php
CODE: if (!isset($this->request->get['route'])) {
LINE: 53
CODE: } elseif (isset($this->request->get['path'])) {
LINE: 58
CODE: } elseif ($key == 'path') {
LINE: 146
CODE: $url .= '/' . $query->row['keyword'];
LINE: 142
LINE: 209
----------------------------------------------------------------
MOD: <font color="#0000"><b>Autofil SEO</b></font>
FILE: admin/view/template/common/header.tpl
CODE: </head>
LINE: 33
----------------------------------------------------------------
MOD: <font color="#0000"><b>Pav Blogs</font>
FILE: admin/controller/common/menu.php
CODE: $this->load->language('common/menu');
LINE: 3
FILE: admin/view/template/common/menu.tpl
CODE: <li id="sale">
LINE: 98
----------------------------------------------------------------
2016-06-18 14:45:17 - MOD: Modification Default
FILE: system/engine/action.php
REGEX: ~(require|include)(_once)?\(([^)]+)~
LINE: 39
FILE: system/engine/loader.php
REGEX: ~(require|include)(_once)?\(([^)]+)~
LINE: 20
LINE: 59
LINE: 80
LINE: 99
FILE: system/library/config.php
REGEX: ~(require|include)(_once)?\(([^)]+)~
LINE: 23
FILE: system/library/language.php
REGEX: ~(require|include)(_once)?\(([^)]+)~
LINE: 25
LINE: 31
----------------------------------------------------------------
MOD: <font color="#0000"><b>Auto SEO</b></font>
FILE: catalog/controller/common/seo_url.php
CODE: if (!isset($this->request->get['route'])) {
LINE: 53
CODE: } elseif (isset($this->request->get['path'])) {
LINE: 58
CODE: } elseif ($key == 'path') {
LINE: 146
CODE: $url .= '/' . $query->row['keyword'];
LINE: 142
LINE: 209
----------------------------------------------------------------
MOD: <font color="#0000"><b>Autofil SEO</b></font>
FILE: admin/view/template/common/header.tpl
CODE: </head>
LINE: 33
----------------------------------------------------------------
MOD: <font color="#0000"><b>Pav Blogs</font>
FILE: admin/controller/common/menu.php
CODE: $this->load->language('common/menu');
LINE: 3
FILE: admin/view/template/common/menu.tpl
CODE: <li id="sale">
LINE: 98
----------------------------------------------------------------
2016-06-18 15:03:53 - MOD: Modification Default
FILE: system/engine/action.php
REGEX: ~(require|include)(_once)?\(([^)]+)~
LINE: 39
FILE: system/engine/loader.php
REGEX: ~(require|include)(_once)?\(([^)]+)~
LINE: 20
LINE: 59
LINE: 80
LINE: 99
FILE: system/library/config.php
REGEX: ~(require|include)(_once)?\(([^)]+)~
LINE: 23
FILE: system/library/language.php
REGEX: ~(require|include)(_once)?\(([^)]+)~
LINE: 25
LINE: 31
----------------------------------------------------------------
MOD: <font color="#0000"><b>Auto SEO</b></font>
FILE: catalog/controller/common/seo_url.php
CODE: if (!isset($this->request->get['route'])) {
LINE: 53
CODE: } elseif (isset($this->request->get['path'])) {
LINE: 58
CODE: } elseif ($key == 'path') {
LINE: 146
CODE: $url .= '/' . $query->row['keyword'];
LINE: 142
LINE: 209
----------------------------------------------------------------
MOD: <font color="#0000"><b>Autofil SEO</b></font>
FILE: admin/view/template/common/header.tpl
CODE: </head>
LINE: 33
----------------------------------------------------------------
MOD: <font color="#0000"><b>Pav Blogs</font>
FILE: admin/controller/common/menu.php
CODE: $this->load->language('common/menu');
LINE: 3
FILE: admin/view/template/common/menu.tpl
CODE: <li id="sale">
LINE: 98
----------------------------------------------------------------
2016-06-18 15:04:28 - MOD: Modification Default
FILE: system/engine/action.php
REGEX: ~(require|include)(_once)?\(([^)]+)~
LINE: 39
FILE: system/engine/loader.php
REGEX: ~(require|include)(_once)?\(([^)]+)~
LINE: 20
LINE: 59
LINE: 80
LINE: 99
FILE: system/library/config.php
REGEX: ~(require|include)(_once)?\(([^)]+)~
LINE: 23
FILE: system/library/language.php
REGEX: ~(require|include)(_once)?\(([^)]+)~
LINE: 25
LINE: 31
----------------------------------------------------------------
MOD: <font color="#0000"><b>Auto SEO</b></font>
FILE: catalog/controller/common/seo_url.php
CODE: if (!isset($this->request->get['route'])) {
LINE: 53
CODE: } elseif (isset($this->request->get['path'])) {
LINE: 58
CODE: } elseif ($key == 'path') {
LINE: 146
CODE: $url .= '/' . $query->row['keyword'];
LINE: 142
LINE: 209
----------------------------------------------------------------
MOD: <font color="#0000"><b>Autofil SEO</b></font>
FILE: admin/view/template/common/header.tpl
CODE: </head>
LINE: 33
----------------------------------------------------------------
MOD: <font color="#0000"><b>Pav Blogs</font>
FILE: admin/controller/common/menu.php
CODE: $this->load->language('common/menu');
LINE: 3
FILE: admin/view/template/common/menu.tpl
CODE: <li id="sale">
LINE: 98
----------------------------------------------------------------
2016-06-19 5:35:21 - MOD: Modification Default
FILE: system/engine/action.php
REGEX: ~(require|include)(_once)?\(([^)]+)~
LINE: 39
FILE: system/engine/loader.php
REGEX: ~(require|include)(_once)?\(([^)]+)~
LINE: 20
LINE: 59
LINE: 80
LINE: 99
FILE: system/library/config.php
REGEX: ~(require|include)(_once)?\(([^)]+)~
LINE: 23
FILE: system/library/language.php
REGEX: ~(require|include)(_once)?\(([^)]+)~
LINE: 25
LINE: 31
----------------------------------------------------------------
MOD: <font color="#0000"><b>Auto SEO</b></font>
FILE: catalog/controller/common/seo_url.php
CODE: if (!isset($this->request->get['route'])) {
LINE: 53
CODE: } elseif (isset($this->request->get['path'])) {
LINE: 58
CODE: } elseif ($key == 'path') {
LINE: 146
CODE: $url .= '/' . $query->row['keyword'];
LINE: 142
LINE: 209
----------------------------------------------------------------
MOD: <font color="#0000"><b>Autofil SEO</b></font>
FILE: admin/view/template/common/header.tpl
CODE: </head>
LINE: 33
----------------------------------------------------------------
MOD: <font color="#0000"><b>Pav Blogs</font>
FILE: admin/controller/common/menu.php
CODE: $this->load->language('common/menu');
LINE: 3
FILE: admin/view/template/common/menu.tpl
CODE: <li id="sale">
LINE: 98
----------------------------------------------------------------
2016-06-19 5:35:22 - MOD: Modification Default
FILE: system/engine/action.php
REGEX: ~(require|include)(_once)?\(([^)]+)~
LINE: 39
FILE: system/engine/loader.php
REGEX: ~(require|include)(_once)?\(([^)]+)~
LINE: 20
LINE: 59
LINE: 80
LINE: 99
FILE: system/library/config.php
REGEX: ~(require|include)(_once)?\(([^)]+)~
LINE: 23
FILE: system/library/language.php
REGEX: ~(require|include)(_once)?\(([^)]+)~
LINE: 25
LINE: 31
----------------------------------------------------------------
MOD: <font color="#0000"><b>Auto SEO</b></font>
FILE: catalog/controller/common/seo_url.php
CODE: if (!isset($this->request->get['route'])) {
LINE: 53
CODE: } elseif (isset($this->request->get['path'])) {
LINE: 58
CODE: } elseif ($key == 'path') {
LINE: 146
CODE: $url .= '/' . $query->row['keyword'];
LINE: 142
LINE: 209
----------------------------------------------------------------
MOD: <font color="#0000"><b>Autofil SEO</b></font>
FILE: admin/view/template/common/header.tpl
CODE: </head>
LINE: 33
----------------------------------------------------------------
MOD: <font color="#0000"><b>Pav Blogs</font>
FILE: admin/controller/common/menu.php
CODE: $this->load->language('common/menu');
LINE: 3
FILE: admin/view/template/common/menu.tpl
CODE: <li id="sale">
LINE: 98
----------------------------------------------------------------
2016-06-19 5:35:24 - MOD: Modification Default
FILE: system/engine/action.php
REGEX: ~(require|include)(_once)?\(([^)]+)~
LINE: 39
FILE: system/engine/loader.php
REGEX: ~(require|include)(_once)?\(([^)]+)~
LINE: 20
LINE: 59
LINE: 80
LINE: 99
FILE: system/library/config.php
REGEX: ~(require|include)(_once)?\(([^)]+)~
LINE: 23
FILE: system/library/language.php
REGEX: ~(require|include)(_once)?\(([^)]+)~
LINE: 25
LINE: 31
----------------------------------------------------------------
MOD: <font color="#0000"><b>Auto SEO</b></font>
FILE: catalog/controller/common/seo_url.php
CODE: if (!isset($this->request->get['route'])) {
LINE: 53
CODE: } elseif (isset($this->request->get['path'])) {
LINE: 58
CODE: } elseif ($key == 'path') {
LINE: 146
CODE: $url .= '/' . $query->row['keyword'];
LINE: 142
LINE: 209
----------------------------------------------------------------
MOD: <font color="#0000"><b>Autofil SEO</b></font>
FILE: admin/view/template/common/header.tpl
CODE: </head>
LINE: 33
----------------------------------------------------------------
MOD: <font color="#0000"><b>Pav Blogs</font>
FILE: admin/controller/common/menu.php
CODE: $this->load->language('common/menu');
LINE: 3
FILE: admin/view/template/common/menu.tpl
CODE: <li id="sale">
LINE: 98
----------------------------------------------------------------
2016-06-24 16:23:46 - MOD: Modification Default
FILE: system/engine/action.php
REGEX: ~(require|include)(_once)?\(([^)]+)~
LINE: 39
FILE: system/engine/loader.php
REGEX: ~(require|include)(_once)?\(([^)]+)~
LINE: 20
LINE: 59
LINE: 80
LINE: 99
FILE: system/library/config.php
REGEX: ~(require|include)(_once)?\(([^)]+)~
LINE: 23
FILE: system/library/language.php
REGEX: ~(require|include)(_once)?\(([^)]+)~
LINE: 25
LINE: 31
----------------------------------------------------------------
MOD: <font color="#0000"><b>Auto SEO</b></font>
FILE: catalog/controller/common/seo_url.php
CODE: if (!isset($this->request->get['route'])) {
LINE: 53
CODE: } elseif (isset($this->request->get['path'])) {
LINE: 58
CODE: } elseif ($key == 'path') {
LINE: 148
CODE: $url .= '/' . $query->row['keyword'];
LINE: 144
LINE: 211
----------------------------------------------------------------
MOD: <font color="#0000"><b>Autofil SEO</b></font>
FILE: admin/view/template/common/header.tpl
CODE: </head>
LINE: 33
----------------------------------------------------------------
MOD: <font color="#0000"><b>Pav Blogs</font>
FILE: admin/controller/common/menu.php
CODE: $this->load->language('common/menu');
LINE: 3
FILE: admin/view/template/common/menu.tpl
CODE: <li id="sale">
LINE: 98
----------------------------------------------------------------
2016-06-24 16:24:46 - MOD: Modification Default
FILE: system/engine/action.php
REGEX: ~(require|include)(_once)?\(([^)]+)~
LINE: 39
FILE: system/engine/loader.php
REGEX: ~(require|include)(_once)?\(([^)]+)~
LINE: 20
LINE: 59
LINE: 80
LINE: 99
FILE: system/library/config.php
REGEX: ~(require|include)(_once)?\(([^)]+)~
LINE: 23
FILE: system/library/language.php
REGEX: ~(require|include)(_once)?\(([^)]+)~
LINE: 25
LINE: 31
----------------------------------------------------------------
MOD: <font color="#0000"><b>Auto SEO</b></font>
FILE: catalog/controller/common/seo_url.php
CODE: if (!isset($this->request->get['route'])) {
LINE: 53
CODE: } elseif (isset($this->request->get['path'])) {
LINE: 58
CODE: } elseif ($key == 'path') {
LINE: 148
CODE: $url .= '/' . $query->row['keyword'];
LINE: 144
LINE: 211
----------------------------------------------------------------
MOD: <font color="#0000"><b>Autofil SEO</b></font>
FILE: admin/view/template/common/header.tpl
CODE: </head>
LINE: 33
----------------------------------------------------------------
MOD: <font color="#0000"><b>Pav Blogs</font>
FILE: admin/controller/common/menu.php
CODE: $this->load->language('common/menu');
LINE: 3
FILE: admin/view/template/common/menu.tpl
CODE: <li id="sale">
LINE: 98
----------------------------------------------------------------
2016-06-24 16:25:18 - MOD: Modification Default
FILE: system/engine/action.php
REGEX: ~(require|include)(_once)?\(([^)]+)~
LINE: 39
FILE: system/engine/loader.php
REGEX: ~(require|include)(_once)?\(([^)]+)~
LINE: 20
LINE: 59
LINE: 80
LINE: 99
FILE: system/library/config.php
REGEX: ~(require|include)(_once)?\(([^)]+)~
LINE: 23
FILE: system/library/language.php
REGEX: ~(require|include)(_once)?\(([^)]+)~
LINE: 25
LINE: 31
----------------------------------------------------------------
MOD: <font color="#0000"><b>Auto SEO</b></font>
FILE: catalog/controller/common/seo_url.php
CODE: if (!isset($this->request->get['route'])) {
LINE: 53
CODE: } elseif (isset($this->request->get['path'])) {
LINE: 58
CODE: } elseif ($key == 'path') {
LINE: 148
CODE: $url .= '/' . $query->row['keyword'];
LINE: 144
LINE: 211
----------------------------------------------------------------
MOD: <font color="#0000"><b>Autofil SEO</b></font>
FILE: admin/view/template/common/header.tpl
CODE: </head>
LINE: 33
----------------------------------------------------------------
MOD: <font color="#0000"><b>Pav Blogs</font>
FILE: admin/controller/common/menu.php
CODE: $this->load->language('common/menu');
LINE: 3
FILE: admin/view/template/common/menu.tpl
CODE: <li id="sale">
LINE: 98
----------------------------------------------------------------
2016-06-24 16:28:57 - MOD: Modification Default
FILE: system/engine/action.php
REGEX: ~(require|include)(_once)?\(([^)]+)~
LINE: 39
FILE: system/engine/loader.php
REGEX: ~(require|include)(_once)?\(([^)]+)~
LINE: 20
LINE: 59
LINE: 80
LINE: 99
FILE: system/library/config.php
REGEX: ~(require|include)(_once)?\(([^)]+)~
LINE: 23
FILE: system/library/language.php
REGEX: ~(require|include)(_once)?\(([^)]+)~
LINE: 25
LINE: 31
----------------------------------------------------------------
MOD: <font color="#0000"><b>Autofil SEO</b></font>
FILE: admin/view/template/common/header.tpl
CODE: </head>
LINE: 33
----------------------------------------------------------------
MOD: <font color="#0000"><b>Pav Blogs</font>
FILE: admin/controller/common/menu.php
CODE: $this->load->language('common/menu');
LINE: 3
FILE: admin/view/template/common/menu.tpl
CODE: <li id="sale">
LINE: 98
----------------------------------------------------------------
2016-06-24 16:29:21 - MOD: Modification Default
FILE: system/engine/action.php
REGEX: ~(require|include)(_once)?\(([^)]+)~
LINE: 39
FILE: system/engine/loader.php
REGEX: ~(require|include)(_once)?\(([^)]+)~
LINE: 20
LINE: 59
LINE: 80
LINE: 99
FILE: system/library/config.php
REGEX: ~(require|include)(_once)?\(([^)]+)~
LINE: 23
FILE: system/library/language.php
REGEX: ~(require|include)(_once)?\(([^)]+)~
LINE: 25
LINE: 31
----------------------------------------------------------------
MOD: <font color="#0000"><b>Auto SEO</b></font>
FILE: catalog/controller/common/seo_url.php
CODE: if (!isset($this->request->get['route'])) {
LINE: 53
CODE: } elseif (isset($this->request->get['path'])) {
LINE: 58
CODE: } elseif ($key == 'path') {
LINE: 148
CODE: $url .= '/' . $query->row['keyword'];
LINE: 144
LINE: 211
----------------------------------------------------------------
MOD: <font color="#0000"><b>Autofil SEO</b></font>
FILE: admin/view/template/common/header.tpl
CODE: </head>
LINE: 33
----------------------------------------------------------------
MOD: <font color="#0000"><b>Pav Blogs</font>
FILE: admin/controller/common/menu.php
CODE: $this->load->language('common/menu');
LINE: 3
FILE: admin/view/template/common/menu.tpl
CODE: <li id="sale">
LINE: 98
----------------------------------------------------------------
2016-06-24 16:31:15 - MOD: Modification Default
FILE: system/engine/action.php
REGEX: ~(require|include)(_once)?\(([^)]+)~
LINE: 39
FILE: system/engine/loader.php
REGEX: ~(require|include)(_once)?\(([^)]+)~
LINE: 20
LINE: 59
LINE: 80
LINE: 99
FILE: system/library/config.php
REGEX: ~(require|include)(_once)?\(([^)]+)~
LINE: 23
FILE: system/library/language.php
REGEX: ~(require|include)(_once)?\(([^)]+)~
LINE: 25
LINE: 31
----------------------------------------------------------------
MOD: <font color="#0000"><b>Auto SEO</b></font>
FILE: catalog/controller/common/seo_url.php
CODE: if (!isset($this->request->get['route'])) {
LINE: 53
CODE: } elseif (isset($this->request->get['path'])) {
LINE: 58
CODE: } elseif ($key == 'path') {
LINE: 148
CODE: $url .= '/' . $query->row['keyword'];
LINE: 144
LINE: 211
----------------------------------------------------------------
MOD: <font color="#0000"><b>Autofil SEO</b></font>
FILE: admin/view/template/common/header.tpl
CODE: </head>
LINE: 33
----------------------------------------------------------------
MOD: <font color="#0000"><b>Pav Blogs</font>
FILE: admin/controller/common/menu.php
CODE: $this->load->language('common/menu');
LINE: 3
FILE: admin/view/template/common/menu.tpl
CODE: <li id="sale">
LINE: 98
----------------------------------------------------------------
2016-06-24 16:33:36 - MOD: Modification Default
FILE: system/engine/action.php
REGEX: ~(require|include)(_once)?\(([^)]+)~
LINE: 39
FILE: system/engine/loader.php
REGEX: ~(require|include)(_once)?\(([^)]+)~
LINE: 20
LINE: 59
LINE: 80
LINE: 99
FILE: system/library/config.php
REGEX: ~(require|include)(_once)?\(([^)]+)~
LINE: 23
FILE: system/library/language.php
REGEX: ~(require|include)(_once)?\(([^)]+)~
LINE: 25
LINE: 31
----------------------------------------------------------------
MOD: <font color="#0000"><b>Autofil SEO</b></font>
FILE: admin/view/template/common/header.tpl
CODE: </head>
LINE: 33
----------------------------------------------------------------
MOD: <font color="#0000"><b>Pav Blogs</font>
FILE: admin/controller/common/menu.php
CODE: $this->load->language('common/menu');
LINE: 3
FILE: admin/view/template/common/menu.tpl
CODE: <li id="sale">
LINE: 98
----------------------------------------------------------------
2016-06-24 16:34:23 - MOD: Modification Default
FILE: system/engine/action.php
REGEX: ~(require|include)(_once)?\(([^)]+)~
LINE: 39
FILE: system/engine/loader.php
REGEX: ~(require|include)(_once)?\(([^)]+)~
LINE: 20
LINE: 59
LINE: 80
LINE: 99
FILE: system/library/config.php
REGEX: ~(require|include)(_once)?\(([^)]+)~
LINE: 23
FILE: system/library/language.php
REGEX: ~(require|include)(_once)?\(([^)]+)~
LINE: 25
LINE: 31
----------------------------------------------------------------
MOD: <font color="#0000"><b>Auto SEO</b></font>
FILE: catalog/controller/common/seo_url.php
CODE: if (!isset($this->request->get['route'])) {
LINE: 53
CODE: } elseif (isset($this->request->get['path'])) {
LINE: 58
CODE: } elseif ($key == 'path') {
LINE: 148
CODE: $url .= '/' . $query->row['keyword'];
LINE: 144
LINE: 213
----------------------------------------------------------------
MOD: <font color="#0000"><b>Autofil SEO</b></font>
FILE: admin/view/template/common/header.tpl
CODE: </head>
LINE: 33
----------------------------------------------------------------
MOD: <font color="#0000"><b>Pav Blogs</font>
FILE: admin/controller/common/menu.php
CODE: $this->load->language('common/menu');
LINE: 3
FILE: admin/view/template/common/menu.tpl
CODE: <li id="sale">
LINE: 98
----------------------------------------------------------------
2016-06-24 16:40:22 - MOD: Modification Default
FILE: system/engine/action.php
REGEX: ~(require|include)(_once)?\(([^)]+)~
LINE: 39
FILE: system/engine/loader.php
REGEX: ~(require|include)(_once)?\(([^)]+)~
LINE: 20
LINE: 59
LINE: 80
LINE: 99
FILE: system/library/config.php
REGEX: ~(require|include)(_once)?\(([^)]+)~
LINE: 23
FILE: system/library/language.php
REGEX: ~(require|include)(_once)?\(([^)]+)~
LINE: 25
LINE: 31
----------------------------------------------------------------
MOD: <font color="#0000"><b>Auto SEO</b></font>
FILE: catalog/controller/common/seo_url.php
CODE: if (!isset($this->request->get['route'])) {
LINE: 53
CODE: } elseif (isset($this->request->get['path'])) {
LINE: 58
CODE: } elseif ($key == 'path') {
LINE: 148
CODE: $url .= '/' . $query->row['keyword'];
LINE: 144
LINE: 213
----------------------------------------------------------------
MOD: <font color="#0000"><b>Autofil SEO</b></font>
FILE: admin/view/template/common/header.tpl
CODE: </head>
LINE: 33
----------------------------------------------------------------
MOD: <font color="#0000"><b>Pav Blogs</font>
FILE: admin/controller/common/menu.php
CODE: $this->load->language('common/menu');
LINE: 3
FILE: admin/view/template/common/menu.tpl
CODE: <li id="sale">
LINE: 98
----------------------------------------------------------------
2016-06-24 16:41:37 - MOD: Modification Default
FILE: system/engine/action.php
REGEX: ~(require|include)(_once)?\(([^)]+)~
LINE: 39
FILE: system/engine/loader.php
REGEX: ~(require|include)(_once)?\(([^)]+)~
LINE: 20
LINE: 59
LINE: 80
LINE: 99
FILE: system/library/config.php
REGEX: ~(require|include)(_once)?\(([^)]+)~
LINE: 23
FILE: system/library/language.php
REGEX: ~(require|include)(_once)?\(([^)]+)~
LINE: 25
LINE: 31
----------------------------------------------------------------
MOD: <font color="#0000"><b>Auto SEO</b></font>
FILE: catalog/controller/common/seo_url.php
CODE: if (!isset($this->request->get['route'])) {
LINE: 53
CODE: } elseif (isset($this->request->get['path'])) {
LINE: 58
CODE: } elseif ($key == 'path') {
LINE: 148
CODE: $url .= '/' . $query->row['keyword'];
LINE: 144
LINE: 213
----------------------------------------------------------------
MOD: <font color="#0000"><b>Autofil SEO</b></font>
FILE: admin/view/template/common/header.tpl
CODE: </head>
LINE: 33
----------------------------------------------------------------
MOD: <font color="#0000"><b>Pav Blogs</font>
FILE: admin/controller/common/menu.php
CODE: $this->load->language('common/menu');
LINE: 3
FILE: admin/view/template/common/menu.tpl
CODE: <li id="sale">
LINE: 98
----------------------------------------------------------------
2016-06-24 16:44:20 - MOD: Modification Default
FILE: system/engine/action.php
REGEX: ~(require|include)(_once)?\(([^)]+)~
LINE: 39
FILE: system/engine/loader.php
REGEX: ~(require|include)(_once)?\(([^)]+)~
LINE: 20
LINE: 59
LINE: 80
LINE: 99
FILE: system/library/config.php
REGEX: ~(require|include)(_once)?\(([^)]+)~
LINE: 23
FILE: system/library/language.php
REGEX: ~(require|include)(_once)?\(([^)]+)~
LINE: 25
LINE: 31
----------------------------------------------------------------
MOD: <font color="#0000"><b>Auto SEO</b></font>
FILE: catalog/controller/common/seo_url.php
CODE: if (!isset($this->request->get['route'])) {
LINE: 53
CODE: } elseif (isset($this->request->get['path'])) {
LINE: 58
CODE: } elseif ($key == 'path') {
LINE: 148
CODE: $url .= '/' . $query->row['keyword'];
LINE: 144
LINE: 213
----------------------------------------------------------------
MOD: <font color="#0000"><b>Autofil SEO</b></font>
FILE: admin/view/template/common/header.tpl
CODE: </head>
LINE: 33
----------------------------------------------------------------
MOD: <font color="#0000"><b>Pav Blogs</font>
FILE: admin/controller/common/menu.php
CODE: $this->load->language('common/menu');
LINE: 3
FILE: admin/view/template/common/menu.tpl
CODE: <li id="sale">
LINE: 98
----------------------------------------------------------------
2016-06-24 16:44:29 - MOD: Modification Default
FILE: system/engine/action.php
REGEX: ~(require|include)(_once)?\(([^)]+)~
LINE: 39
FILE: system/engine/loader.php
REGEX: ~(require|include)(_once)?\(([^)]+)~
LINE: 20
LINE: 59
LINE: 80
LINE: 99
FILE: system/library/config.php
REGEX: ~(require|include)(_once)?\(([^)]+)~
LINE: 23
FILE: system/library/language.php
REGEX: ~(require|include)(_once)?\(([^)]+)~
LINE: 25
LINE: 31
----------------------------------------------------------------
MOD: <font color="#0000"><b>Auto SEO</b></font>
FILE: catalog/controller/common/seo_url.php
CODE: if (!isset($this->request->get['route'])) {
LINE: 53
CODE: } elseif (isset($this->request->get['path'])) {
LINE: 58
CODE: } elseif ($key == 'path') {
LINE: 148
CODE: $url .= '/' . $query->row['keyword'];
LINE: 144
LINE: 213
----------------------------------------------------------------
MOD: <font color="#0000"><b>Autofil SEO</b></font>
FILE: admin/view/template/common/header.tpl
CODE: </head>
LINE: 33
----------------------------------------------------------------
MOD: <font color="#0000"><b>Pav Blogs</font>
FILE: admin/controller/common/menu.php
CODE: $this->load->language('common/menu');
LINE: 3
FILE: admin/view/template/common/menu.tpl
CODE: <li id="sale">
LINE: 98
----------------------------------------------------------------
2016-06-24 16:48:52 - MOD: Modification Default
FILE: system/engine/action.php
REGEX: ~(require|include)(_once)?\(([^)]+)~
LINE: 39
FILE: system/engine/loader.php
REGEX: ~(require|include)(_once)?\(([^)]+)~
LINE: 20
LINE: 59
LINE: 80
LINE: 99
FILE: system/library/config.php
REGEX: ~(require|include)(_once)?\(([^)]+)~
LINE: 23
FILE: system/library/language.php
REGEX: ~(require|include)(_once)?\(([^)]+)~
LINE: 25
LINE: 31
----------------------------------------------------------------
MOD: <font color="#0000"><b>Auto SEO</b></font>
FILE: catalog/controller/common/seo_url.php
CODE: if (!isset($this->request->get['route'])) {
LINE: 53
CODE: } elseif (isset($this->request->get['path'])) {
LINE: 58
CODE: } elseif ($key == 'path') {
LINE: 148
CODE: $url .= '/' . $query->row['keyword'];
LINE: 144
LINE: 213
----------------------------------------------------------------
MOD: <font color="#0000"><b>Autofil SEO</b></font>
FILE: admin/view/template/common/header.tpl
CODE: </head>
LINE: 33
----------------------------------------------------------------
MOD: <font color="#0000"><b>Pav Blogs</font>
FILE: admin/controller/common/menu.php
CODE: $this->load->language('common/menu');
LINE: 3
FILE: admin/view/template/common/menu.tpl
CODE: <li id="sale">
LINE: 98
----------------------------------------------------------------
2016-06-24 16:48:55 - MOD: Modification Default
FILE: system/engine/action.php
REGEX: ~(require|include)(_once)?\(([^)]+)~
LINE: 39
FILE: system/engine/loader.php
REGEX: ~(require|include)(_once)?\(([^)]+)~
LINE: 20
LINE: 59
LINE: 80
LINE: 99
FILE: system/library/config.php
REGEX: ~(require|include)(_once)?\(([^)]+)~
LINE: 23
FILE: system/library/language.php
REGEX: ~(require|include)(_once)?\(([^)]+)~
LINE: 25
LINE: 31
----------------------------------------------------------------
MOD: <font color="#0000"><b>Auto SEO</b></font>
FILE: catalog/controller/common/seo_url.php
CODE: if (!isset($this->request->get['route'])) {
LINE: 53
CODE: } elseif (isset($this->request->get['path'])) {
LINE: 58
CODE: } elseif ($key == 'path') {
LINE: 148
CODE: $url .= '/' . $query->row['keyword'];
LINE: 144
LINE: 213
----------------------------------------------------------------
MOD: <font color="#0000"><b>Autofil SEO</b></font>
FILE: admin/view/template/common/header.tpl
CODE: </head>
LINE: 33
----------------------------------------------------------------
MOD: <font color="#0000"><b>Pav Blogs</font>
FILE: admin/controller/common/menu.php
CODE: $this->load->language('common/menu');
LINE: 3
FILE: admin/view/template/common/menu.tpl
CODE: <li id="sale">
LINE: 98
----------------------------------------------------------------
2016-06-24 16:53:53 - MOD: Modification Default
FILE: system/engine/action.php
REGEX: ~(require|include)(_once)?\(([^)]+)~
LINE: 39
FILE: system/engine/loader.php
REGEX: ~(require|include)(_once)?\(([^)]+)~
LINE: 20
LINE: 59
LINE: 80
LINE: 99
FILE: system/library/config.php
REGEX: ~(require|include)(_once)?\(([^)]+)~
LINE: 23
FILE: system/library/language.php
REGEX: ~(require|include)(_once)?\(([^)]+)~
LINE: 25
LINE: 31
----------------------------------------------------------------
MOD: <font color="#0000"><b>Autofil SEO</b></font>
FILE: admin/view/template/common/header.tpl
CODE: </head>
LINE: 33
----------------------------------------------------------------
MOD: <font color="#0000"><b>Pav Blogs</font>
FILE: admin/controller/common/menu.php
CODE: $this->load->language('common/menu');
LINE: 3
FILE: admin/view/template/common/menu.tpl
CODE: <li id="sale">
LINE: 98
----------------------------------------------------------------
2016-06-24 16:54:44 - MOD: Modification Default
FILE: system/engine/action.php
REGEX: ~(require|include)(_once)?\(([^)]+)~
LINE: 39
FILE: system/engine/loader.php
REGEX: ~(require|include)(_once)?\(([^)]+)~
LINE: 20
LINE: 59
LINE: 80
LINE: 99
FILE: system/library/config.php
REGEX: ~(require|include)(_once)?\(([^)]+)~
LINE: 23
FILE: system/library/language.php
REGEX: ~(require|include)(_once)?\(([^)]+)~
LINE: 25
LINE: 31
----------------------------------------------------------------
MOD: <font color="#0000"><b>Auto SEO</b></font>
FILE: catalog/controller/common/seo_url.php
CODE: if (!isset($this->request->get['route'])) {
LINE: 53
CODE: } elseif (isset($this->request->get['path'])) {
LINE: 58
CODE: } elseif ($key == 'path') {
LINE: 148
CODE: $url .= '/' . $query->row['keyword'];
LINE: 144
LINE: 213
----------------------------------------------------------------
MOD: <font color="#0000"><b>Autofil SEO</b></font>
FILE: admin/view/template/common/header.tpl
CODE: </head>
LINE: 33
----------------------------------------------------------------
MOD: <font color="#0000"><b>Pav Blogs</font>
FILE: admin/controller/common/menu.php
CODE: $this->load->language('common/menu');
LINE: 3
FILE: admin/view/template/common/menu.tpl
CODE: <li id="sale">
LINE: 98
----------------------------------------------------------------
2016-06-24 16:55:17 - MOD: Modification Default
FILE: system/engine/action.php
REGEX: ~(require|include)(_once)?\(([^)]+)~
LINE: 39
FILE: system/engine/loader.php
REGEX: ~(require|include)(_once)?\(([^)]+)~
LINE: 20
LINE: 59
LINE: 80
LINE: 99
FILE: system/library/config.php
REGEX: ~(require|include)(_once)?\(([^)]+)~
LINE: 23
FILE: system/library/language.php
REGEX: ~(require|include)(_once)?\(([^)]+)~
LINE: 25
LINE: 31
----------------------------------------------------------------
MOD: <font color="#0000"><b>Autofil SEO</b></font>
FILE: admin/view/template/common/header.tpl
CODE: </head>
LINE: 33
----------------------------------------------------------------
MOD: <font color="#0000"><b>Pav Blogs</font>
FILE: admin/controller/common/menu.php
CODE: $this->load->language('common/menu');
LINE: 3
FILE: admin/view/template/common/menu.tpl
CODE: <li id="sale">
LINE: 98
----------------------------------------------------------------
2016-06-24 16:56:24 - MOD: Modification Default
FILE: system/engine/action.php
REGEX: ~(require|include)(_once)?\(([^)]+)~
LINE: 39
FILE: system/engine/loader.php
REGEX: ~(require|include)(_once)?\(([^)]+)~
LINE: 20
LINE: 59
LINE: 80
LINE: 99
FILE: system/library/config.php
REGEX: ~(require|include)(_once)?\(([^)]+)~
LINE: 23
FILE: system/library/language.php
REGEX: ~(require|include)(_once)?\(([^)]+)~
LINE: 25
LINE: 31
----------------------------------------------------------------
MOD: <font color="#0000"><b>Auto SEO</b></font>
FILE: catalog/controller/common/seo_url.php
CODE: if (!isset($this->request->get['route'])) {
LINE: 53
CODE: } elseif (isset($this->request->get['path'])) {
LINE: 58
CODE: } elseif ($key == 'path') {
LINE: 148
CODE: $url .= '/' . $query->row['keyword'];
LINE: 144
LINE: 213
----------------------------------------------------------------
MOD: <font color="#0000"><b>Autofil SEO</b></font>
FILE: admin/view/template/common/header.tpl
CODE: </head>
LINE: 33
----------------------------------------------------------------
MOD: <font color="#0000"><b>Pav Blogs</font>
FILE: admin/controller/common/menu.php
CODE: $this->load->language('common/menu');
LINE: 3
FILE: admin/view/template/common/menu.tpl
CODE: <li id="sale">
LINE: 98
----------------------------------------------------------------
